{"level":"info","message":"SERVER IS RUNNING AT PORT: 3001","timestamp":"2026-07-07 15:02:24"}
{"level":"info","message":"Connected to DB","timestamp":"2026-07-07 15:02:26"}
{"level":"info","message":"SERVER IS RUNNING AT PORT: 3001","timestamp":"2026-07-07 15:14:20"}
{"level":"info","message":"Connected to DB","timestamp":"2026-07-07 15:14:20"}
{"level":"info","message":"SERVER IS RUNNING AT PORT: 3001","timestamp":"2026-07-07 15:14:35"}
{"level":"info","message":"Connected to DB","timestamp":"2026-07-07 15:14:36"}
{"level":"info","message":"SERVER IS RUNNING AT PORT: 3001","timestamp":"2026-07-07 15:14:41"}
{"level":"info","message":"SERVER IS RUNNING AT PORT: 3001","timestamp":"2026-07-07 15:14:43"}
{"level":"info","message":"Connected to DB","timestamp":"2026-07-07 15:14:46"}
{"level":"info","message":"SERVER IS RUNNING AT PORT: 3001","timestamp":"2026-07-07 15:15:36"}
{"level":"info","message":"Connected to DB","timestamp":"2026-07-07 15:15:36"}
{"level":"info","message":"SERVER IS RUNNING AT PORT: 3001","timestamp":"2026-07-07 15:15:49"}
{"level":"info","message":"SERVER IS RUNNING AT PORT: 3001","timestamp":"2026-07-07 15:15:53"}
{"level":"info","message":"Connected to DB","timestamp":"2026-07-07 15:15:54"}
{"level":"info","message":"SERVER IS RUNNING AT PORT: 3001","timestamp":"2026-07-07 15:15:56"}
{"level":"info","message":"Connected to DB","timestamp":"2026-07-07 15:15:56"}
{"level":"info","message":"SERVER IS RUNNING AT PORT: 3001","timestamp":"2026-07-07 15:16:20"}
{"level":"info","message":"Connected to DB","timestamp":"2026-07-07 15:16:20"}
{"level":"info","message":"SERVER IS RUNNING AT PORT: 3001","timestamp":"2026-07-07 15:29:32"}
{"level":"info","message":"Connected to DB","timestamp":"2026-07-07 15:29:33"}
{"level":"info","message":"SERVER IS RUNNING AT PORT: 3001","timestamp":"2026-07-07 15:29:45"}
{"level":"info","message":"Connected to DB","timestamp":"2026-07-07 15:29:45"}
{"level":"info","message":"SERVER IS RUNNING AT PORT: 3001","timestamp":"2026-07-07 15:44:26"}
{"level":"info","message":"SERVER IS RUNNING AT PORT: 3001","timestamp":"2026-07-07 15:44:28"}
{"level":"info","message":"Connected to DB","timestamp":"2026-07-07 15:44:28"}
{"level":"info","message":"SERVER IS RUNNING AT PORT: 3001","timestamp":"2026-07-07 15:44:42"}
{"level":"info","message":"Connected to DB","timestamp":"2026-07-07 15:44:43"}
{"level":"info","message":"SERVER IS RUNNING AT PORT: 3001","timestamp":"2026-07-07 15:44:46"}
{"level":"info","message":"Connected to DB","timestamp":"2026-07-07 15:44:48"}
{"level":"info","message":"SERVER IS RUNNING AT PORT: 3001","timestamp":"2026-07-07 15:44:57"}
{"level":"info","message":"Connected to DB","timestamp":"2026-07-07 15:44:58"}
{"level":"info","message":"SERVER IS RUNNING AT PORT: 3001","timestamp":"2026-07-07 15:45:00"}
{"level":"info","message":"SERVER IS RUNNING AT PORT: 3001","timestamp":"2026-07-07 15:45:01"}
{"level":"info","message":"SERVER IS RUNNING AT PORT: 3001","timestamp":"2026-07-07 15:45:03"}
{"level":"info","message":"SERVER IS RUNNING AT PORT: 3001","timestamp":"2026-07-07 15:45:06"}
{"level":"info","message":"Connected to DB","timestamp":"2026-07-07 15:45:06"}
{"level":"info","message":"SERVER IS RUNNING AT PORT: 3001","timestamp":"2026-07-07 15:45:11"}
{"level":"info","message":"Connected to redis server successfully","timestamp":"2026-07-07 15:45:11"}
{"level":"info","message":"Connected to DB","timestamp":"2026-07-07 15:45:11"}
{"level":"info","message":"SERVER IS RUNNING AT PORT: 3001","timestamp":"2026-07-07 15:45:15"}
{"level":"info","message":"Connected to redis server successfully","timestamp":"2026-07-07 15:45:15"}
{"level":"info","message":"SERVER IS RUNNING AT PORT: 3001","timestamp":"2026-07-07 15:45:22"}
{"level":"info","message":"SERVER IS RUNNING AT PORT: 3001","timestamp":"2026-07-07 15:45:23"}
{"level":"info","message":"Connected to DB","timestamp":"2026-07-07 15:45:24"}
{"level":"info","message":"SERVER IS RUNNING AT PORT: 3001","timestamp":"2026-07-07 17:35:49"}
{"level":"info","message":"Connected to DB","timestamp":"2026-07-07 17:35:49"}
{"level":"info","message":"SERVER IS RUNNING AT PORT: 3001","timestamp":"2026-07-07 17:54:19"}
{"level":"info","message":"Connected to DB","timestamp":"2026-07-07 17:54:19"}
{"level":"info","message":"SERVER IS RUNNING AT PORT: 3001","timestamp":"2026-07-07 17:55:34"}
{"level":"info","message":"Connected to DB","timestamp":"2026-07-07 17:55:35"}
{"level":"info","message":"SERVER IS RUNNING AT PORT: 3001","timestamp":"2026-07-07 17:55:37"}
{"level":"info","message":"Connected to DB","timestamp":"2026-07-07 17:55:37"}
{"level":"info","message":"SERVER IS RUNNING AT PORT: 3001","timestamp":"2026-07-07 17:56:05"}
{"level":"info","message":"Connected to DB","timestamp":"2026-07-07 17:56:06"}
{"level":"info","message":"SERVER IS RUNNING AT PORT: 3001","timestamp":"2026-07-07 17:56:07"}
{"level":"info","message":"Connected to DB","timestamp":"2026-07-07 17:56:08"}
{"level":"info","message":"SERVER IS RUNNING AT PORT: 3001","timestamp":"2026-07-07 17:56:10"}
{"level":"info","message":"Connected to DB","timestamp":"2026-07-07 17:56:11"}
{"level":"info","message":"SERVER IS RUNNING AT PORT: 3001","timestamp":"2026-07-07 17:57:38"}
{"level":"info","message":"Connected to DB","timestamp":"2026-07-07 17:57:39"}
{"level":"info","message":"SERVER IS RUNNING AT PORT: 3001","timestamp":"2026-07-07 17:57:42"}
{"level":"info","message":"Connected to DB","timestamp":"2026-07-07 17:57:45"}
{"level":"info","message":"SERVER IS RUNNING AT PORT: 3001","timestamp":"2026-07-07 18:05:50"}
{"level":"info","message":"Connected to DB","timestamp":"2026-07-07 18:05:51"}
{"level":"info","message":"SERVER IS RUNNING AT PORT: 3001","timestamp":"2026-07-07 18:18:54"}
{"level":"info","message":"Connected to DB","timestamp":"2026-07-07 18:18:55"}
{"level":"info","message":"SERVER IS RUNNING AT PORT: 3001","timestamp":"2026-07-07 18:19:24"}
{"level":"info","message":"Connected to DB","timestamp":"2026-07-07 18:19:24"}
{"level":"info","message":"SERVER IS RUNNING AT PORT: 3001","timestamp":"2026-07-07 19:12:40"}
{"level":"info","message":"Connected to DB","timestamp":"2026-07-07 19:12:41"}
{"level":"info","message":"SERVER IS RUNNING AT PORT: 3001","timestamp":"2026-07-07 19:49:57"}
{"level":"info","message":"Connected to DB","timestamp":"2026-07-07 19:49:59"}
{"level":"info","message":"SERVER IS RUNNING AT PORT: 3001","timestamp":"2026-07-07 19:58:05"}
{"level":"info","message":"Connected to redis server successfully","timestamp":"2026-07-07 19:58:05"}
{"level":"info","message":"Connected to DB","timestamp":"2026-07-07 19:58:08"}
{"level":"error","message":"Fetching problem by ID failed","timestamp":"2026-07-07 20:00:36"}
{"level":"info","message":"SERVER IS RUNNING AT PORT: 3001","timestamp":"2026-07-07 20:01:07"}
{"level":"info","message":"Connected to redis server successfully","timestamp":"2026-07-07 20:01:07"}
{"level":"info","message":"SERVER IS RUNNING AT PORT: 3001","timestamp":"2026-07-07 20:01:15"}
{"level":"info","message":"Connected to redis server successfully","timestamp":"2026-07-07 20:01:15"}
{"level":"info","message":"SERVER IS RUNNING AT PORT: 3001","timestamp":"2026-07-07 20:01:18"}
{"level":"info","message":"Connected to redis server successfully","timestamp":"2026-07-07 20:01:18"}
{"level":"info","message":"Connected to DB","timestamp":"2026-07-07 20:01:21"}
{"level":"info","message":"SERVER IS RUNNING AT PORT: 3001","timestamp":"2026-07-07 20:01:28"}
{"level":"info","message":"Connected to redis server successfully","timestamp":"2026-07-07 20:01:28"}
{"level":"info","message":"SERVER IS RUNNING AT PORT: 3001","timestamp":"2026-07-07 20:01:35"}
{"level":"info","message":"Connected to redis server successfully","timestamp":"2026-07-07 20:01:35"}
{"level":"info","message":"Connected to DB","timestamp":"2026-07-07 20:01:42"}
{"level":"info","message":"SERVER IS RUNNING AT PORT: 3001","timestamp":"2026-07-07 20:01:54"}
{"level":"info","message":"Connected to redis server successfully","timestamp":"2026-07-07 20:01:54"}
{"level":"info","message":"Connected to DB","timestamp":"2026-07-07 20:01:57"}
{"level":"info","message":"SERVER IS RUNNING AT PORT: 3001","timestamp":"2026-07-07 20:02:05"}
{"level":"info","message":"Connected to redis server successfully","timestamp":"2026-07-07 20:02:05"}
{"level":"info","message":"Connected to DB","timestamp":"2026-07-07 20:02:05"}
{"level":"info","message":"SERVER IS RUNNING AT PORT: 3001","timestamp":"2026-07-07 20:02:16"}
{"level":"info","message":"Connected to redis server successfully","timestamp":"2026-07-07 20:02:16"}
{"level":"info","message":"Connected to DB","timestamp":"2026-07-07 20:02:16"}
{"level":"error","message":"Fetching problem by ID failed","timestamp":"2026-07-07 20:02:19"}
{"level":"info","message":"SERVER IS RUNNING AT PORT: 3001","timestamp":"2026-07-07 20:02:36"}
{"level":"info","message":"Connected to redis server successfully","timestamp":"2026-07-07 20:02:36"}
{"level":"info","message":"Connected to DB","timestamp":"2026-07-07 20:02:39"}
{"level":"info","message":"SERVER IS RUNNING AT PORT: 3001","timestamp":"2026-07-07 20:02:45"}
{"level":"info","message":"Connected to redis server successfully","timestamp":"2026-07-07 20:02:45"}
{"level":"info","message":"Connected to DB","timestamp":"2026-07-07 20:02:48"}
{"level":"error","message":"Fetching problem by ID failed","timestamp":"2026-07-07 20:03:03"}
{"level":"info","message":"SERVER IS RUNNING AT PORT: 3001","timestamp":"2026-07-07 20:04:06"}
{"level":"info","message":"Connected to redis server successfully","timestamp":"2026-07-07 20:04:06"}
{"level":"info","message":"Connected to DB","timestamp":"2026-07-07 20:04:10"}
{"level":"info","message":"Submission job waiting: [object Object]","timestamp":"2026-07-07 20:04:11"}
{"level":"info","message":"Job added to submission queque: [object Object]","timestamp":"2026-07-07 20:04:11"}
{"level":"info","message":"Submission job added with jobID: 1","timestamp":"2026-07-07 20:04:11"}
{"level":"info","message":"Submission job waiting: [object Object]","timestamp":"2026-07-07 20:08:10"}
{"level":"info","message":"Job added to submission queque: [object Object]","timestamp":"2026-07-07 20:08:10"}
{"level":"info","message":"Submission job added with jobID: 2","timestamp":"2026-07-07 20:08:10"}
{"level":"info","message":"Submission job waiting: [object Object]","timestamp":"2026-07-07 20:19:03"}
{"level":"info","message":"Job added to submission queque: [object Object]","timestamp":"2026-07-07 20:19:03"}
{"level":"info","message":"Submission job added with jobID: 3","timestamp":"2026-07-07 20:19:03"}
{"level":"info","message":"SERVER IS RUNNING AT PORT: 3001","timestamp":"2026-07-07 20:20:00"}
{"level":"info","message":"Connected to redis server successfully","timestamp":"2026-07-07 20:20:00"}
{"level":"info","message":"Connected to DB","timestamp":"2026-07-07 20:20:01"}
{"level":"info","message":"SERVER IS RUNNING AT PORT: 3001","timestamp":"2026-07-07 20:31:02"}
{"level":"info","message":"Connected to redis server successfully","timestamp":"2026-07-07 20:31:02"}
{"level":"info","message":"Connected to DB","timestamp":"2026-07-07 20:31:12"}
{"level":"info","message":"SERVER IS RUNNING AT PORT: 3001","timestamp":"2026-07-07 20:31:22"}
{"level":"info","message":"Connected to redis server successfully","timestamp":"2026-07-07 20:31:22"}
{"level":"info","message":"Connected to DB","timestamp":"2026-07-07 20:31:28"}
{"level":"info","message":"Submission job waiting: [object Object]","timestamp":"2026-07-07 20:31:31"}
{"level":"info","message":"Job added to submission queque: [object Object]","timestamp":"2026-07-07 20:31:31"}
{"level":"info","message":"Submission job added with jobID: 1","timestamp":"2026-07-07 20:31:31"}
{"level":"warn","message":"Mongo DB disconnected","timestamp":"2026-07-07 20:53:07"}
